mode: set
github.com/techschool/simplebank/api/account.go:16.55,20.49 2 0
github.com/techschool/simplebank/api/account.go:20.49,23.3 2 0
github.com/techschool/simplebank/api/account.go:25.2,32.16 3 0
github.com/techschool/simplebank/api/account.go:32.16,35.3 2 0
github.com/techschool/simplebank/api/account.go:37.2,37.34 1 0
github.com/techschool/simplebank/api/account.go:44.52,46.48 2 0
github.com/techschool/simplebank/api/account.go:46.48,49.3 2 0
github.com/techschool/simplebank/api/account.go:51.2,52.16 2 0
github.com/techschool/simplebank/api/account.go:52.16,54.27 1 0
github.com/techschool/simplebank/api/account.go:54.27,57.4 2 0
github.com/techschool/simplebank/api/account.go:59.3,60.9 2 0
github.com/techschool/simplebank/api/account.go:63.2,63.34 1 0
github.com/techschool/simplebank/api/account.go:71.54,73.50 2 0
github.com/techschool/simplebank/api/account.go:73.50,76.3 2 0
github.com/techschool/simplebank/api/account.go:78.2,84.16 3 0
github.com/techschool/simplebank/api/account.go:84.16,87.3 2 0
github.com/techschool/simplebank/api/account.go:89.2,89.35 1 0
github.com/techschool/simplebank/api/server.go:15.41,25.2 7 0
github.com/techschool/simplebank/api/server.go:28.45,30.2 1 0
github.com/techschool/simplebank/api/server.go:32.37,34.2 1 0
github.com/techschool/simplebank/main.go:15.13,18.16 2 0
github.com/techschool/simplebank/main.go:18.16,20.3 1 0
github.com/techschool/simplebank/main.go:23.2,24.16 2 0
github.com/techschool/simplebank/main.go:24.16,26.3 1 0
github.com/techschool/simplebank/main.go:28.2,32.16 4 0
github.com/techschool/simplebank/main.go:32.16,34.3 1 0
github.com/techschool/simplebank/util/config.go:14.57,22.16 6 0
github.com/techschool/simplebank/util/config.go:22.16,24.3 1 0
github.com/techschool/simplebank/util/config.go:26.2,27.8 2 0
github.com/techschool/simplebank/util/random.go:14.13,16.2 1 0
github.com/techschool/simplebank/util/random.go:19.36,21.2 1 0
github.com/techschool/simplebank/util/random.go:24.36,28.33 3 0
github.com/techschool/simplebank/util/random.go:28.33,31.6 2 0
github.com/techschool/simplebank/util/random.go:33.5,33.23 1 0
github.com/techschool/simplebank/util/random.go:37.25,39.2 1 0
github.com/techschool/simplebank/util/random.go:42.24,44.2 1 0
github.com/techschool/simplebank/util/random.go:47.28,51.2 3 0
github.com/techschool/simplebank/util/random.go:54.27,56.2 1 0
github.com/techschool/simplebank/db/sqlc/account.sql.go:24.104,35.2 4 1
github.com/techschool/simplebank/db/sqlc/account.sql.go:54.96,65.2 4 1
github.com/techschool/simplebank/db/sqlc/account.sql.go:72.70,75.2 2 1
github.com/techschool/simplebank/db/sqlc/account.sql.go:82.78,93.2 4 1
github.com/techschool/simplebank/db/sqlc/account.sql.go:102.88,113.2 4 0
github.com/techschool/simplebank/db/sqlc/account.sql.go:127.96,129.16 2 1
github.com/techschool/simplebank/db/sqlc/account.sql.go:129.16,131.3 1 0
github.com/techschool/simplebank/db/sqlc/account.sql.go:132.2,134.18 3 1
github.com/techschool/simplebank/db/sqlc/account.sql.go:134.18,142.17 2 1
github.com/techschool/simplebank/db/sqlc/account.sql.go:142.17,144.4 1 0
github.com/techschool/simplebank/db/sqlc/account.sql.go:145.3,145.27 1 1
github.com/techschool/simplebank/db/sqlc/account.sql.go:147.2,147.37 1 1
github.com/techschool/simplebank/db/sqlc/account.sql.go:147.37,149.3 1 0
github.com/techschool/simplebank/db/sqlc/account.sql.go:150.2,150.35 1 1
github.com/techschool/simplebank/db/sqlc/account.sql.go:150.35,152.3 1 0
github.com/techschool/simplebank/db/sqlc/account.sql.go:153.2,153.19 1 1
github.com/techschool/simplebank/db/sqlc/account.sql.go:168.96,179.2 4 1
github.com/techschool/simplebank/db/sqlc/db.go:20.28,22.2 1 1
github.com/techschool/simplebank/db/sqlc/db.go:24.62,27.90 3 0
github.com/techschool/simplebank/db/sqlc/db.go:27.90,29.3 1 0
github.com/techschool/simplebank/db/sqlc/db.go:30.2,30.82 1 0
github.com/techschool/simplebank/db/sqlc/db.go:30.82,32.3 1 0
github.com/techschool/simplebank/db/sqlc/db.go:33.2,33.78 1 0
github.com/techschool/simplebank/db/sqlc/db.go:33.78,35.3 1 0
github.com/techschool/simplebank/db/sqlc/db.go:36.2,36.84 1 0
github.com/techschool/simplebank/db/sqlc/db.go:36.84,38.3 1 0
github.com/techschool/simplebank/db/sqlc/db.go:39.2,39.82 1 0
github.com/techschool/simplebank/db/sqlc/db.go:39.82,41.3 1 0
github.com/techschool/simplebank/db/sqlc/db.go:42.2,42.76 1 0
github.com/techschool/simplebank/db/sqlc/db.go:42.76,44.3 1 0
github.com/techschool/simplebank/db/sqlc/db.go:45.2,45.96 1 0
github.com/techschool/simplebank/db/sqlc/db.go:45.96,47.3 1 0
github.com/techschool/simplebank/db/sqlc/db.go:48.2,48.72 1 0
github.com/techschool/simplebank/db/sqlc/db.go:48.72,50.3 1 0
github.com/techschool/simplebank/db/sqlc/db.go:51.2,51.78 1 0
github.com/techschool/simplebank/db/sqlc/db.go:51.78,53.3 1 0
github.com/techschool/simplebank/db/sqlc/db.go:54.2,54.80 1 0
github.com/techschool/simplebank/db/sqlc/db.go:54.80,56.3 1 0
github.com/techschool/simplebank/db/sqlc/db.go:57.2,57.78 1 0
github.com/techschool/simplebank/db/sqlc/db.go:57.78,59.3 1 0
github.com/techschool/simplebank/db/sqlc/db.go:60.2,60.82 1 0
github.com/techschool/simplebank/db/sqlc/db.go:60.82,62.3 1 0
github.com/techschool/simplebank/db/sqlc/db.go:63.2,63.82 1 0
github.com/techschool/simplebank/db/sqlc/db.go:63.82,65.3 1 0
github.com/techschool/simplebank/db/sqlc/db.go:66.2,66.16 1 0
github.com/techschool/simplebank/db/sqlc/db.go:69.33,71.36 2 0
github.com/techschool/simplebank/db/sqlc/db.go:71.36,72.59 1 0
github.com/techschool/simplebank/db/sqlc/db.go:72.59,74.4 1 0
github.com/techschool/simplebank/db/sqlc/db.go:76.2,76.32 1 0
github.com/techschool/simplebank/db/sqlc/db.go:76.32,77.55 1 0
github.com/techschool/simplebank/db/sqlc/db.go:77.55,79.4 1 0
github.com/techschool/simplebank/db/sqlc/db.go:81.2,81.30 1 0
github.com/techschool/simplebank/db/sqlc/db.go:81.30,82.53 1 0
github.com/techschool/simplebank/db/sqlc/db.go:82.53,84.4 1 0
github.com/techschool/simplebank/db/sqlc/db.go:86.2,86.33 1 0
github.com/techschool/simplebank/db/sqlc/db.go:86.33,87.56 1 0
github.com/techschool/simplebank/db/sqlc/db.go:87.56,89.4 1 0
github.com/techschool/simplebank/db/sqlc/db.go:91.2,91.32 1 0
github.com/techschool/simplebank/db/sqlc/db.go:91.32,92.55 1 0
github.com/techschool/simplebank/db/sqlc/db.go:92.55,94.4 1 0
github.com/techschool/simplebank/db/sqlc/db.go:96.2,96.29 1 0
github.com/techschool/simplebank/db/sqlc/db.go:96.29,97.52 1 0
github.com/techschool/simplebank/db/sqlc/db.go:97.52,99.4 1 0
github.com/techschool/simplebank/db/sqlc/db.go:101.2,101.39 1 0
github.com/techschool/simplebank/db/sqlc/db.go:101.39,102.62 1 0
github.com/techschool/simplebank/db/sqlc/db.go:102.62,104.4 1 0
github.com/techschool/simplebank/db/sqlc/db.go:106.2,106.27 1 0
github.com/techschool/simplebank/db/sqlc/db.go:106.27,107.50 1 0
github.com/techschool/simplebank/db/sqlc/db.go:107.50,109.4 1 0
github.com/techschool/simplebank/db/sqlc/db.go:111.2,111.30 1 0
github.com/techschool/simplebank/db/sqlc/db.go:111.30,112.53 1 0
github.com/techschool/simplebank/db/sqlc/db.go:112.53,114.4 1 0
github.com/techschool/simplebank/db/sqlc/db.go:116.2,116.31 1 0
github.com/techschool/simplebank/db/sqlc/db.go:116.31,117.54 1 0
github.com/techschool/simplebank/db/sqlc/db.go:117.54,119.4 1 0
github.com/techschool/simplebank/db/sqlc/db.go:121.2,121.30 1 0
github.com/techschool/simplebank/db/sqlc/db.go:121.30,122.53 1 0
github.com/techschool/simplebank/db/sqlc/db.go:122.53,124.4 1 0
github.com/techschool/simplebank/db/sqlc/db.go:126.2,126.32 1 0
github.com/techschool/simplebank/db/sqlc/db.go:126.32,127.55 1 0
github.com/techschool/simplebank/db/sqlc/db.go:127.55,129.4 1 0
github.com/techschool/simplebank/db/sqlc/db.go:131.2,131.32 1 0
github.com/techschool/simplebank/db/sqlc/db.go:131.32,132.55 1 0
github.com/techschool/simplebank/db/sqlc/db.go:132.55,134.4 1 0
github.com/techschool/simplebank/db/sqlc/db.go:136.2,136.12 1 0
github.com/techschool/simplebank/db/sqlc/db.go:139.116,140.9 1 1
github.com/techschool/simplebank/db/sqlc/db.go:141.34,142.63 1 0
github.com/techschool/simplebank/db/sqlc/db.go:143.19,144.40 1 0
github.com/techschool/simplebank/db/sqlc/db.go:145.10,146.47 1 1
github.com/techschool/simplebank/db/sqlc/db.go:150.116,151.9 1 1
github.com/techschool/simplebank/db/sqlc/db.go:152.34,153.64 1 0
github.com/techschool/simplebank/db/sqlc/db.go:154.19,155.41 1 0
github.com/techschool/simplebank/db/sqlc/db.go:156.10,157.48 1 1
github.com/techschool/simplebank/db/sqlc/db.go:161.109,162.9 1 1
github.com/techschool/simplebank/db/sqlc/db.go:163.34,164.67 1 0
github.com/techschool/simplebank/db/sqlc/db.go:165.19,166.44 1 0
github.com/techschool/simplebank/db/sqlc/db.go:167.10,168.51 1 1
github.com/techschool/simplebank/db/sqlc/db.go:190.47,208.2 1 0
github.com/techschool/simplebank/db/sqlc/entry.sql.go:27.90,37.2 4 1
github.com/techschool/simplebank/db/sqlc/entry.sql.go:44.74,54.2 4 1
github.com/techschool/simplebank/db/sqlc/entry.sql.go:70.94,72.16 2 1
github.com/techschool/simplebank/db/sqlc/entry.sql.go:72.16,74.3 1 0
github.com/techschool/simplebank/db/sqlc/entry.sql.go:75.2,77.18 3 1
github.com/techschool/simplebank/db/sqlc/entry.sql.go:77.18,85.17 2 1
github.com/techschool/simplebank/db/sqlc/entry.sql.go:85.17,87.4 1 0
github.com/techschool/simplebank/db/sqlc/entry.sql.go:88.3,88.27 1 1
github.com/techschool/simplebank/db/sqlc/entry.sql.go:90.2,90.37 1 1
github.com/techschool/simplebank/db/sqlc/entry.sql.go:90.37,92.3 1 0
github.com/techschool/simplebank/db/sqlc/entry.sql.go:93.2,93.35 1 1
github.com/techschool/simplebank/db/sqlc/entry.sql.go:93.35,95.3 1 0
github.com/techschool/simplebank/db/sqlc/entry.sql.go:96.2,96.19 1 1
github.com/techschool/simplebank/db/sqlc/store.go:16.34,21.2 1 1
github.com/techschool/simplebank/db/sqlc/store.go:24.80,26.16 2 1
github.com/techschool/simplebank/db/sqlc/store.go:26.16,28.3 1 0
github.com/techschool/simplebank/db/sqlc/store.go:31.2,33.16 3 1
github.com/techschool/simplebank/db/sqlc/store.go:33.16,34.59 1 0
github.com/techschool/simplebank/db/sqlc/store.go:34.59,36.4 1 0
github.com/techschool/simplebank/db/sqlc/store.go:37.3,37.13 1 0
github.com/techschool/simplebank/db/sqlc/store.go:39.2,39.20 1 1
github.com/techschool/simplebank/db/sqlc/store.go:60.101,66.50 2 1
github.com/techschool/simplebank/db/sqlc/store.go:66.50,74.17 3 1
github.com/techschool/simplebank/db/sqlc/store.go:74.17,76.4 1 0
github.com/techschool/simplebank/db/sqlc/store.go:78.3,82.17 2 1
github.com/techschool/simplebank/db/sqlc/store.go:82.17,84.4 1 0
github.com/techschool/simplebank/db/sqlc/store.go:86.3,90.17 2 1
github.com/techschool/simplebank/db/sqlc/store.go:90.17,92.4 1 0
github.com/techschool/simplebank/db/sqlc/store.go:94.3,98.17 2 1
github.com/techschool/simplebank/db/sqlc/store.go:98.17,100.4 1 0
github.com/techschool/simplebank/db/sqlc/store.go:102.3,106.17 2 1
github.com/techschool/simplebank/db/sqlc/store.go:106.17,108.4 1 0
github.com/techschool/simplebank/db/sqlc/store.go:110.3,110.13 1 1
github.com/techschool/simplebank/db/sqlc/store.go:114.2,114.20 1 1
github.com/techschool/simplebank/db/sqlc/transfer.sql.go:29.99,40.2 4 1
github.com/techschool/simplebank/db/sqlc/transfer.sql.go:47.80,58.2 4 1
github.com/techschool/simplebank/db/sqlc/transfer.sql.go:77.99,84.16 2 1
github.com/techschool/simplebank/db/sqlc/transfer.sql.go:84.16,86.3 1 0
github.com/techschool/simplebank/db/sqlc/transfer.sql.go:87.2,89.18 3 1
github.com/techschool/simplebank/db/sqlc/transfer.sql.go:89.18,97.17 2 1
github.com/techschool/simplebank/db/sqlc/transfer.sql.go:97.17,99.4 1 0
github.com/techschool/simplebank/db/sqlc/transfer.sql.go:100.3,100.27 1 1
github.com/techschool/simplebank/db/sqlc/transfer.sql.go:102.2,102.37 1 1
github.com/techschool/simplebank/db/sqlc/transfer.sql.go:102.37,104.3 1 0
github.com/techschool/simplebank/db/sqlc/transfer.sql.go:105.2,105.35 1 1
github.com/techschool/simplebank/db/sqlc/transfer.sql.go:105.35,107.3 1 0
github.com/techschool/simplebank/db/sqlc/transfer.sql.go:108.2,108.19 1 1
